Base path: 'C:/Program Files/Unity/Hub/Editor/2019.2.21f1/Editor/Data', plugins path 'C:/Program Files/Unity/Hub/Editor/2019.2.21f1/Editor/Data/PlaybackEngines'
Cmd: initializeCompiler
Cmd: compileComputeKernel
  error: 1 plat 4 at SoftEffectsCompute.compute(674): implicit truncation of vector type
  error: 1 plat 4 at SoftEffectsCompute.compute(722): implicit truncation of vector type
  error: 1 plat 4 at SoftEffectsCompute.compute(769): implicit truncation of vector type
  error: 1 plat 4 at SoftEffectsCompute.compute(817): implicit truncation of vector type
  api=4 insize=106449 outsize=1697 ok=1
Cmd: compileComputeKernel
  error: 1 plat 4 at SoftEffectsCompute.compute(674): implicit truncation of vector type
  error: 1 plat 4 at SoftEffectsCompute.compute(722): implicit truncation of vector type
  error: 1 plat 4 at SoftEffectsCompute.compute(769): implicit truncation of vector type
  error: 1 plat 4 at SoftEffectsCompute.compute(817): implicit truncation of vector type
  api=4 insize=106449 outsize=405 ok=1
Cmd: compileComputeKernel
  error: 1 plat 4 at SoftEffectsCompute.compute(674): implicit truncation of vector type
  error: 1 plat 4 at SoftEffectsCompute.compute(722): implicit truncation of vector type
  error: 1 plat 4 at SoftEffectsCompute.compute(769): implicit truncation of vector type
  error: 1 plat 4 at SoftEffectsCompute.compute(817): implicit truncation of vector type
  api=4 insize=106449 outsize=1393 ok=1
Cmd: compileComputeKernel
  error: 1 plat 4 at SoftEffectsCompute.compute(674): implicit truncation of vector type
  error: 1 plat 4 at SoftEffectsCompute.compute(722): implicit truncation of vector type
  error: 1 plat 4 at SoftEffectsCompute.compute(769): implicit truncation of vector type
  error: 1 plat 4 at SoftEffectsCompute.compute(817): implicit truncation of vector type
  api=4 insize=106449 outsize=1746 ok=1
Cmd: compileComputeKernel
  error: 1 plat 4 at SoftEffectsCompute.compute(674): implicit truncation of vector type
  error: 1 plat 4 at SoftEffectsCompute.compute(722): implicit truncation of vector type
  error: 1 plat 4 at SoftEffectsCompute.compute(769): implicit truncation of vector type
  error: 1 plat 4 at SoftEffectsCompute.compute(817): implicit truncation of vector type
  error: 1 plat 4 at SoftEffectsCompute.compute(3117): integer divides may be much slower, try using uints if possible.
  api=4 insize=106449 outsize=3678 ok=1
Cmd: compileComputeKernel
  error: 1 plat 4 at SoftEffectsCompute.compute(674): implicit truncation of vector type
  error: 1 plat 4 at SoftEffectsCompute.compute(722): implicit truncation of vector type
  error: 1 plat 4 at SoftEffectsCompute.compute(769): implicit truncation of vector type
  error: 1 plat 4 at SoftEffectsCompute.compute(817): implicit truncation of vector type
  api=4 insize=106449 outsize=1213 ok=1
Cmd: compileComputeKernel
  error: 1 plat 4 at SoftEffectsCompute.compute(674): implicit truncation of vector type
  error: 1 plat 4 at SoftEffectsCompute.compute(722): implicit truncation of vector type
  error: 1 plat 4 at SoftEffectsCompute.compute(769): implicit truncation of vector type
  error: 1 plat 4 at SoftEffectsCompute.compute(817): implicit truncation of vector type
  api=4 insize=106449 outsize=1501 ok=1
Cmd: compileComputeKernel
  error: 1 plat 4 at SoftEffectsCompute.compute(674): implicit truncation of vector type
  error: 1 plat 4 at SoftEffectsCompute.compute(722): implicit truncation of vector type
  error: 1 plat 4 at SoftEffectsCompute.compute(769): implicit truncation of vector type
  error: 1 plat 4 at SoftEffectsCompute.compute(817): implicit truncation of vector type
  api=4 insize=106449 outsize=20562 ok=1
